  main.cpp
C:\PONG++\PONG++\PONG++\main.cpp(13,51): warning C4244: 'argumento': conversión de 'T' a 'float'; posible pérdida de datos
          with
          [
              T=unsigned int
          ]
C:\PONG++\PONG++\PONG++\main.cpp(13,31): warning C4244: 'argumento': conversión de 'T' a 'float'; posible pérdida de datos
          with
          [
              T=unsigned int
          ]
C:\PONG++\PONG++\PONG++\main.cpp(14,63): warning C4244: 'argumento': conversión de 'T' a 'float'; posible pérdida de datos
          with
          [
              T=unsigned int
          ]
C:\PONG++\PONG++\PONG++\main.cpp(14,43): warning C4244: 'argumento': conversión de 'T' a 'float'; posible pérdida de datos
          with
          [
              T=unsigned int
          ]
  PONG++.vcxproj -> C:\PONG++\PONG++\x64\Debug\PONG++.exe
